Started GET "/" for 127.0.0.1 at 2023-11-01 14:45:19 -0400
Processing by SessionsController#new as HTML
  Rendering layout layouts/application.html.erb
  Rendering sessions/new.html.erb within layouts/application
  Rendered sessions/new.html.erb within layouts/application (Duration: 10.1ms | Allocations: 2089)
  [1m[36mUser Load (0.2ms)[0m  [1m[34mSELECT "users".* FROM "users" WHERE "users"."id" IS NULL LIMIT ?[0m  [["LIMIT", 1]]
  Rendered layout layouts/application.html.erb (Duration: 747.8ms | Allocations: 324118)
Completed 200 OK in 766ms (Views: 746.2ms | ActiveRecord: 7.5ms | Allocations: 329946)


Started POST "/login" for 127.0.0.1 at 2023-11-01 14:45:23 -0400
Processing by SessionsController#create as HTML
  Parameters: {"authenticity_token"=>"ywNMmAQD65bZ3veDyACdjpWWiuTndukA_Yzg4lKNz2WR8_YdKSCI2PVdGm1u3iQZFu880xR1WFRDf_obZizYeA", "session"=>{"username_or_email"=>"sgdd", "password"=>"[FILTERED]"}, "commit"=>"Log In"}
  [1m[36mUser Load (0.3ms)[0m  [1m[34mSELECT "users".* FROM "users" WHERE "users"."username" = ? LIMIT ?[0m  [["username", "sgdd"], ["LIMIT", 1]]
Redirected to http://localhost:4001/users/2
Completed 302 Found in 428ms (ActiveRecord: 0.6ms | Allocations: 6994)


Started GET "/users/2" for 127.0.0.1 at 2023-11-01 14:45:23 -0400
Processing by UsersController#show as HTML
  Parameters: {"id"=>"2"}
  [1m[36mUser Load (0.3ms)[0m  [1m[34mSELECT "users".* FROM "users" WHERE "users"."id" = ? LIMIT ?[0m  [["id", 2], ["LIMIT", 1]]
  Rendering layout layouts/application.html.erb
  Rendering users/show.html.erb within layouts/application
  Rendered users/show.html.erb within layouts/application (Duration: 0.5ms | Allocations: 137)
  [1m[36mUser Load (0.1ms)[0m  [1m[34mSELECT "users".* FROM "users" WHERE "users"."id" = ? LIMIT ?[0m  [["id", 2], ["LIMIT", 1]]
  Rendered layout layouts/application.html.erb (Duration: 10.0ms | Allocations: 5390)
Completed 200 OK in 14ms (Views: 11.2ms | ActiveRecord: 0.4ms | Allocations: 6288)


